<?xml version="1.0" encoding="UTF-8"?>
<testsuite name="JUnit Jupiter" tests="12" skipped="0" failures="0" errors="0" time="0.429" hostname="sml-pc-054" timestamp="2018-04-11T16:03:52">
<properties>
<property name="awt.toolkit" value="sun.awt.X11.XToolkit"/>
<property name="file.encoding" value="UTF-8"/>
<property name="file.encoding.pkg" value="sun.io"/>
<property name="file.separator" value="/"/>
<property name="java.awt.graphicsenv" value="sun.awt.X11GraphicsEnvironment"/>
<property name="java.awt.printerjob" value="sun.print.PSPrinterJob"/>
<property name="java.class.path" value="/home/localuser/testing/selenide-junit5/build/classes/java/test:/home/localuser/testing/selenide-junit5/build/resources/test:/home/localuser/testing/selenide-junit5/build/classes/java/main:/home/localuser/testing/selenide-junit5/build/resources/main:/home/localuser/.gradle/caches/modules-2/files-2.1/org.junit.jupiter/junit-jupiter-params/5.1.0/80a2ce4c1aed8a58eaca9ef019eef1d1f33fd334/junit-jupiter-params-5.1.0.jar:/home/localuser/.gradle/caches/modules-2/files-2.1/io.qameta.allure/allure-junit5/2.6.0/bf601ab8b16eb96eb3ff6c1a6c4f690ff8a099c8/allure-junit5-2.6.0.jar:/home/localuser/.gradle/caches/modules-2/files-2.1/io.qameta.allure/allure-junit-platform/2.6.0/4a9cbda2744c15f07d7b100f8cabba1155c4e7d0/allure-junit-platform-2.6.0.jar:/home/localuser/.gradle/caches/modules-2/files-2.1/org.junit.jupiter/junit-jupiter-engine/5.1.0/c54b96b465bb5b49c7708d734a4180dd95422754/junit-jupiter-engine-5.1.0.jar:/home/localuser/.gradle/caches/modules-2/files-2.1/org.junit.jupiter/junit-jupiter-api/5.1.0/370218fbc7ce9cf0600c4b5db400bccdf0c01a48/junit-jupiter-api-5.1.0.jar:/home/localuser/.gradle/caches/modules-2/files-2.1/org.assertj/assertj-core/3.9.0/de324a44efe19b9222d2218f7ac3102d728497d8/assertj-core-3.9.0.jar:/home/localuser/.gradle/caches/modules-2/files-2.1/io.qameta.allure/allure-selenide/2.0-BETA22/ef7a388baad83faea06ff6077fd7d34175789b46/allure-selenide-2.0-BETA22.jar:/home/localuser/.gradle/caches/modules-2/files-2.1/com.codeborne/selenide/4.10.01/da96cb7059ef961697b530370812125b6af08c0/selenide-4.10.01.jar:/home/localuser/.gradle/caches/modules-2/files-2.1/io.qameta.allure/allure-gradle/2.4/f5fd63da9a15060fd1f04ff33881b2967b0316af/allure-gradle-2.4.jar:/home/localuser/.gradle/caches/modules-2/files-2.1/org.junit.platform/junit-platform-runner/1.1.0/d47029ff19c88cdf86324f29e70c6b26adad6c8b/junit-platform-runner-1.1.0.jar:/home/localuser/.gradle/caches/modules-2/files-2.1/org.junit.platform/junit-platform-suite-api/1.1.0/ed577e96850aec4a2e610b26b7a09fafb17faef7/junit-platform-suite-api-1.1.0.jar:/home/localuser/.gradle/caches/modules-2/files-2.1/org.slf4j/slf4j-simple/1.6.1/58e59bfb3e247097b8122243b3bfe0049c8cfae8/slf4j-simple-1.6.1.jar:/home/localuser/.gradle/caches/modules-2/files-2.1/io.github.bonigarcia/webdrivermanager/2.1.0/17b8d3eb87cc6c40eded8fe312294e34dc930946/webdrivermanager-2.1.0.jar:/home/localuser/.gradle/caches/modules-2/files-2.1/net.lightbody.bmp/browsermob-core/2.1.5/19b2a3f6c911b85793fa2ca4dbfb350dd9c01429/browsermob-core-2.1.5.jar:/home/localuser/.gradle/caches/modules-2/files-2.1/net.lightbody.bmp/littleproxy/1.1.0-beta-bmp-17/8cd8e0a5b3a1d8325a2ebef44ebc12d626995a05/littleproxy-1.1.0-beta-bmp-17.jar:/home/localuser/.gradle/caches/modules-2/files-2.1/org.slf4j/jcl-over-slf4j/1.7.25/f8c32b13ff142a513eeb5b6330b1588dcb2c0461/jcl-over-slf4j-1.7.25.jar:/home/localuser/.gradle/caches/modules-2/files-2.1/io.qameta.allure/allure-junit4-aspect/2.0-BETA18/81c268f9d1042f54cfe10841b2c606cfb5075b79/allure-junit4-aspect-2.0-BETA18.jar:/home/localuser/.gradle/caches/modules-2/files-2.1/io.qameta.allure/allure-junit4/2.0-BETA18/8407ab509c94b8be7fdf28526bdee8720a30206a/allure-junit4-2.0-BETA18.jar:/home/localuser/.gradle/caches/modules-2/files-2.1/io.qameta.allure/allure-java-commons/2.6.0/3cf4d5104cf066cc4ce451d9c23c98f9c54c3c47/allure-java-commons-2.6.0.jar:/home/localuser/.gradle/caches/modules-2/files-2.1/org.slf4j/slf4j-api/1.7.25/da76ca59f6a57ee3102f8f9bd9cee742973efa8a/slf4j-api-1.7.25.jar:/home/localuser/.gradle/caches/modules-2/files-2.1/org.junit.platform/junit-platform-launcher/1.1.0/ba098edde4e59cacd9225e238ea3ad9c946684ab/junit-platform-launcher-1.1.0.jar:/home/localuser/.gradle/caches/modules-2/files-2.1/org.junit.platform/junit-platform-engine/1.1.0/2596bd4d909e7ea8d029272db4338075445d731b/junit-platform-engine-1.1.0.jar:/home/localuser/.gradle/caches/modules-2/files-2.1/org.junit.platform/junit-platform-commons/1.1.0/d6aa21029f9cedfb4cc8a9e9efc0bd97987205b8/junit-platform-commons-1.1.0.jar:/home/localuser/.gradle/caches/modules-2/files-2.1/org.apiguardian/apiguardian-api/1.0.0/3ef5276905e36f4d8055fe3cb0bdcc7503ffc85d/apiguardian-api-1.0.0.jar:/home/localuser/.gradle/caches/modules-2/files-2.1/org.opentest4j/opentest4j/1.0.0/6f09c598e9ff64bf0ce2fa7e7de49a99ba83c0b4/opentest4j-1.0.0.jar:/home/localuser/.gradle/caches/modules-2/files-2.1/org.seleniumhq.selenium/selenium-java/3.8.1/5b50d4072e0e51779b6e9f3594106312061bfde/selenium-java-3.8.1.jar:/home/localuser/.gradle/caches/modules-2/files-2.1/org.seleniumhq.selenium/selenium-chrome-driver/3.8.1/e147016da4c0e3d37112864ee5905810fe9dae7e/selenium-chrome-driver-3.8.1.jar:/home/localuser/.gradle/caches/modules-2/files-2.1/org.seleniumhq.selenium/selenium-edge-driver/3.8.1/9c2074fad741d2c371a41e4c9d8fe80a43b1956b/selenium-edge-driver-3.8.1.jar:/home/localuser/.gradle/caches/modules-2/files-2.1/org.seleniumhq.selenium/selenium-firefox-driver/3.8.1/5df6c61edd3058b770a9bbde557f7a5ecbb584b4/selenium-firefox-driver-3.8.1.jar:/home/localuser/.gradle/caches/modules-2/files-2.1/org.seleniumhq.selenium/selenium-ie-driver/3.8.1/a395f99834712925e898b7ec482ffa25db8d84f8/selenium-ie-driver-3.8.1.jar:/home/localuser/.gradle/caches/modules-2/files-2.1/org.seleniumhq.selenium/selenium-opera-driver/3.8.1/e5f2dd0d77293c6a6f09515095bc9c7f5bb5e947/selenium-opera-driver-3.8.1.jar:/home/localuser/.gradle/caches/modules-2/files-2.1/org.seleniumhq.selenium/selenium-support/3.8.1/a81051b31220c6f4a56d19d35c5cdeb081026dfa/selenium-support-3.8.1.jar:/home/localuser/.gradle/caches/modules-2/files-2.1/org.seleniumhq.selenium/selenium-remote-driver/3.8.1/f2e493ccd447e36c7bb97bd3d872ed1d7dada6cf/selenium-remote-driver-3.8.1.jar:/home/localuser/.gradle/caches/modules-2/files-2.1/org.apache.httpcomponents/httpclient/4.5.3/d1577ae15f01ef5438c5afc62162457c00a34713/httpclient-4.5.3.jar:/home/localuser/.gradle/caches/modules-2/files-2.1/org.apache.httpcomponents/httpcore/4.4.8/70539e2a07865bab38b4153da1ce599cf081790a/httpcore-4.4.8.jar:/home/localuser/.gradle/caches/modules-2/files-2.1/com.google.code.gson/gson/2.8.2/3edcfe49d2c6053a70a2a47e4e1c2f94998a49cf/gson-2.8.2.jar:/home/localuser/.gradle/caches/modules-2/files-2.1/com.google.guava/guava/23.6-jre/c0b638df79e7b2e1ed98f8d68ac62538a715ab1d/guava-23.6-jre.jar:/home/localuser/.gradle/caches/modules-2/files-2.1/com.codeborne/phantomjsdriver/1.4.4/e5778e3273f8201bf9e0ff65fb8118f37b84beba/phantomjsdriver-1.4.4.jar:/home/localuser/.gradle/caches/modules-2/files-2.1/commons-codec/commons-codec/1.11/3acb4705652e16236558f0f4f2192cc33c3bd189/commons-codec-1.11.jar:/home/localuser/.gradle/caches/modules-2/files-2.1/junit/junit/4.12/2973d150c0dc1fefe998f834810d68f278ea58ec/junit-4.12.jar:/home/localuser/.gradle/caches/modules-2/files-2.1/org.hamcrest/hamcrest-core/1.3/42a25dc3219429f0e5d060061f71acb49bf010a0/hamcrest-core-1.3.jar:/home/localuser/.gradle/caches/modules-2/files-2.1/commons-io/commons-io/2.5/2852e6e05fbb95076fc091f6d1780f1f8fe35e0f/commons-io-2.5.jar:/home/localuser/.gradle/caches/modules-2/files-2.1/org.apache.commons/commons-lang3/3.5/6c6c702c89bfff3cd9e80b04d668c5e190d588c6/commons-lang3-3.5.jar:/home/localuser/.gradle/caches/modules-2/files-2.1/org.rauschig/jarchivelib/0.7.1/47a77274cc38cfe6c04bc2afa3ece808742dc42b/jarchivelib-0.7.1.jar:/home/localuser/.gradle/caches/modules-2/files-2.1/org.jsoup/jsoup/1.10.2/33ee82e324f4b1e40167f3dc5e01234a1c5cab61/jsoup-1.10.2.jar:/home/localuser/.gradle/caches/modules-2/files-2.1/org.seleniumhq.selenium/selenium-api/3.8.1/248cdab497e53be8a259ac7edea3e82df2aa6cef/selenium-api-3.8.1.jar:/home/localuser/.gradle/caches/modules-2/files-2.1/net.bytebuddy/byte-buddy/1.7.5/baf12b76298eed6a244d9a4de6b5c3baa27ffa0e/byte-buddy-1.7.5.jar:/home/localuser/.gradle/caches/modules-2/files-2.1/org.apache.commons/commons-exec/1.3/8dfb9facd0830a27b1b5f29f84593f0aeee7773b/commons-exec-1.3.jar:/home/localuser/.gradle/caches/modules-2/files-2.1/commons-logging/commons-logging/1.2/4bfc12adfe4842bf07b657f0369c4cb522955686/commons-logging-1.2.jar:/home/localuser/.gradle/caches/modules-2/files-2.1/io.qameta.allure/allure2-model-api/1.0-BETA6/6f5af1613004e32f8582669f299fabe9cae2ed53/allure2-model-api-1.0-BETA6.jar:/home/localuser/.gradle/caches/modules-2/files-2.1/io.qameta.allure/allure2-model-jackson/1.0-BETA6/c313a7059f078c95bb350b75e75fc108fbacc8ee/allure2-model-jackson-1.0-BETA6.jar:/home/localuser/.gradle/caches/modules-2/files-2.1/com.fasterxml.jackson.module/jackson-module-jaxb-annotations/2.7.0/797bfd1b8f5b5133b9e2112df20911a22a325d9c/jackson-module-jaxb-annotations-2.7.0.jar:/home/localuser/.gradle/caches/modules-2/files-2.1/com.fasterxml.jackson.core/jackson-databind/2.8.9/4dfca3975be3c1a98eacb829e70f02e9a71bc159/jackson-databind-2.8.9.jar:/home/localuser/.gradle/caches/modules-2/files-2.1/com.fasterxml.jackson.core/jackson-core/2.8.9/569b1752705da98f49aabe2911cc956ff7d8ed9d/jackson-core-2.8.9.jar:/home/localuser/.gradle/caches/modules-2/files-2.1/com.fasterxml.jackson.core/jackson-annotations/2.8.9/e0e758381a6579cb2029dace23a7209b90ac7232/jackson-annotations-2.8.9.jar:/home/localuser/.gradle/caches/modules-2/files-2.1/dnsjava/dnsjava/2.1.8/eed8a2cbf56cc60d07a189a429ead3067564193c/dnsjava-2.1.8.jar:/home/localuser/.gradle/caches/modules-2/files-2.1/com.jcraft/jzlib/1.1.3/c01428efa717624f7aabf4df319939dda9646b2d/jzlib-1.1.3.jar:/home/localuser/.gradle/caches/modules-2/files-2.1/io.netty/netty-all/4.0.51.Final/62e7fe15d645e195e130dcc64165f853bf416897/netty-all-4.0.51.Final.jar:/home/localuser/.gradle/caches/modules-2/files-2.1/net.lightbody.bmp/mitm/2.1.5/4baade9b14a050396439f07ed2b70e44ffa0882c/mitm-2.1.5.jar:/home/localuser/.gradle/caches/modules-2/files-2.1/org.bouncycastle/bcpkix-jdk15on/1.58/15a760a039b040e767a75c77ffcc4ff62558f903/bcpkix-jdk15on-1.58.jar:/home/localuser/.gradle/caches/modules-2/files-2.1/org.bouncycastle/bcprov-jdk15on/1.58/2c9aa1c4e3372b447ba5daabade4adf2a2264b12/bcprov-jdk15on-1.58.jar:/home/localuser/.gradle/caches/modules-2/files-2.1/org.apache.commons/commons-compress/1.9/cc18955ff1e36d5abd39a14bfe82b19154330a34/commons-compress-1.9.jar:/home/localuser/.gradle/caches/modules-2/files-2.1/org.aspectj/aspectjrt/1.8.10/1a14fe9e912f6e8bdbb5429b78b4090d8b47bc1/aspectjrt-1.8.10.jar:/home/localuser/.gradle/caches/modules-2/files-2.1/org.jooq/joor/0.9.6/c8f9c6a344e932d9641cc75d5324dbbdbd85cd84/joor-0.9.6.jar:/home/localuser/.gradle/caches/modules-2/files-2.1/io.qameta.allure/allure2-model-pojo/1.0-BETA6/89183715ae6c2c923bedfa67bb2f1e5ecca2d1bd/allure2-model-pojo-1.0-BETA6.jar:/home/localuser/.gradle/caches/modules-2/files-2.1/org.apache.tika/tika-core/1.14/afff8f1774994aa973ef90bc8d38ddf089b9d6d9/tika-core-1.14.jar:/home/localuser/.gradle/caches/modules-2/files-2.1/com.google.code.findbugs/jsr305/1.3.9/40719ea6961c0cb6afaeb6a921eaa1f6afd4cfdf/jsr305-1.3.9.jar:/home/localuser/.gradle/caches/modules-2/files-2.1/org.checkerframework/checker-compat-qual/2.0.0/fc89b03860d11d6213d0154a62bcd1c2f69b9efa/checker-compat-qual-2.0.0.jar:/home/localuser/.gradle/caches/modules-2/files-2.1/com.google.errorprone/error_prone_annotations/2.1.3/39b109f2cd352b2d71b52a3b5a1a9850e1dc304b/error_prone_annotations-2.1.3.jar:/home/localuser/.gradle/caches/modules-2/files-2.1/com.google.j2objc/j2objc-annotations/1.1/ed28ded51a8b1c6b112568def5f4b455e6809019/j2objc-annotations-1.1.jar:/home/localuser/.gradle/caches/modules-2/files-2.1/org.codehaus.mojo/animal-sniffer-annotations/1.14/775b7e22fb10026eed3f86e8dc556dfafe35f2d5/animal-sniffer-annotations-1.14.jar:/home/localuser/.gradle/caches/modules-2/files-2.1/org.junit.platform/junit-platform-console/1.1.0/1ea376db54ab4ec0018c5e99d414e1c7c034387/junit-platform-console-1.1.0.jar:/home/localuser/.gradle/caches/modules-2/files-2.1/org.aspectj/aspectjweaver/1.8.10/e198c5fee28988c355f74e06461614eae36b2032/aspectjweaver-1.8.10.jar"/>
<property name="java.class.version" value="52.0"/>
<property name="java.endorsed.dirs" value="/usr/lib/jvm/java-8-oracle/jre/lib/endorsed"/>
<property name="java.ext.dirs" value="/usr/lib/jvm/java-8-oracle/jre/lib/ext:/usr/java/packages/lib/ext"/>
<property name="java.home" value="/usr/lib/jvm/java-8-oracle/jre"/>
<property name="java.io.tmpdir" value="/tmp"/>
<property name="java.library.path" value="/usr/java/packages/lib/amd64:/usr/lib64:/lib64:/lib:/usr/lib"/>
<property name="java.runtime.name" value="Java(TM) SE Runtime Environment"/>
<property name="java.runtime.version" value="1.8.0_161-b12"/>
<property name="java.specification.name" value="Java Platform API Specification"/>
<property name="java.specification.vendor" value="Oracle Corporation"/>
<property name="java.specification.version" value="1.8"/>
<property name="java.vendor" value="Oracle Corporation"/>
<property name="java.vendor.url" value="http://java.oracle.com/"/>
<property name="java.vendor.url.bug" value="http://bugreport.sun.com/bugreport/"/>
<property name="java.version" value="1.8.0_161"/>
<property name="java.vm.info" value="mixed mode"/>
<property name="java.vm.name" value="Java HotSpot(TM) 64-Bit Server VM"/>
<property name="java.vm.specification.name" value="Java Virtual Machine Specification"/>
<property name="java.vm.specification.vendor" value="Oracle Corporation"/>
<property name="java.vm.specification.version" value="1.8"/>
<property name="java.vm.vendor" value="Oracle Corporation"/>
<property name="java.vm.version" value="25.161-b12"/>
<property name="line.separator" value="
"/>
<property name="os.arch" value="amd64"/>
<property name="os.name" value="Linux"/>
<property name="os.version" value="4.13.0-38-generic"/>
<property name="path.separator" value=":"/>
<property name="sun.arch.data.model" value="64"/>
<property name="sun.boot.class.path" value="/usr/lib/jvm/java-8-oracle/jre/lib/resources.jar:/usr/lib/jvm/java-8-oracle/jre/lib/rt.jar:/usr/lib/jvm/java-8-oracle/jre/lib/sunrsasign.jar:/usr/lib/jvm/java-8-oracle/jre/lib/jsse.jar:/usr/lib/jvm/java-8-oracle/jre/lib/jce.jar:/usr/lib/jvm/java-8-oracle/jre/lib/charsets.jar:/usr/lib/jvm/java-8-oracle/jre/lib/jfr.jar:/usr/lib/jvm/java-8-oracle/jre/classes"/>
<property name="sun.boot.library.path" value="/usr/lib/jvm/java-8-oracle/jre/lib/amd64"/>
<property name="sun.cpu.endian" value="little"/>
<property name="sun.cpu.isalist" value=""/>
<property name="sun.desktop" value="gnome"/>
<property name="sun.io.unicode.encoding" value="UnicodeLittle"/>
<property name="sun.java.command" value="org.junit.platform.console.ConsoleLauncher --details NONE --scan-class-path /home/localuser/testing/selenide-junit5/build/classes/java/main:/home/localuser/testing/selenide-junit5/build/resources/main:/home/localuser/testing/selenide-junit5/build/classes/java/test:/home/localuser/testing/selenide-junit5/build/resources/test -n ^.*Tests?$ --reports-dir /home/localuser/testing/selenide-junit5/build/test-results/junit-platform"/>
<property name="sun.java.launcher" value="SUN_STANDARD"/>
<property name="sun.jnu.encoding" value="UTF-8"/>
<property name="sun.management.compiler" value="HotSpot 64-Bit Tiered Compilers"/>
<property name="sun.os.patch.level" value="unknown"/>
<property name="user.country" value="RU"/>
<property name="user.dir" value="/home/localuser/testing/selenide-junit5"/>
<property name="user.home" value="/home/localuser"/>
<property name="user.language" value="ru"/>
<property name="user.name" value="localuser"/>
<property name="user.timezone" value="Europe/Moscow"/>
<property name="user.variant" value=""/>
</properties>
<testcase name="test5()" classname="ru.dshcherbakov.web.tests.SecondTest" time="0.24">
<system-out><![CDATA[
unique-id: [engine:junit-jupiter]/[class:ru.dshcherbakov.web.tests.SecondTest]/[method:test5()]
display-name: test5()
]]></system-out>
</testcase>
<testcase name="test6()" classname="ru.dshcherbakov.web.tests.SecondTest" time="0.002">
<system-out><![CDATA[
unique-id: [engine:junit-jupiter]/[class:ru.dshcherbakov.web.tests.SecondTest]/[method:test6()]
display-name: test6()
]]></system-out>
</testcase>
<testcase name="test7()" classname="ru.dshcherbakov.web.tests.SecondTest" time="0.002">
<system-out><![CDATA[
unique-id: [engine:junit-jupiter]/[class:ru.dshcherbakov.web.tests.SecondTest]/[method:test7()]
display-name: test7()
]]></system-out>
</testcase>
<testcase name="test8()" classname="ru.dshcherbakov.web.tests.SecondTest" time="0.004">
<system-out><![CDATA[
unique-id: [engine:junit-jupiter]/[class:ru.dshcherbakov.web.tests.SecondTest]/[method:test8()]
display-name: test8()
]]></system-out>
</testcase>
<testcase name="test1()" classname="ru.dshcherbakov.web.tests.FirstTest" time="0.003">
<system-out><![CDATA[
unique-id: [engine:junit-jupiter]/[class:ru.dshcherbakov.web.tests.FirstTest]/[method:test1()]
display-name: test1()
]]></system-out>
</testcase>
<testcase name="test2()" classname="ru.dshcherbakov.web.tests.FirstTest" time="0.002">
<system-out><![CDATA[
unique-id: [engine:junit-jupiter]/[class:ru.dshcherbakov.web.tests.FirstTest]/[method:test2()]
display-name: test2()
]]></system-out>
</testcase>
<testcase name="test3()" classname="ru.dshcherbakov.web.tests.FirstTest" time="0.01">
<system-out><![CDATA[
unique-id: [engine:junit-jupiter]/[class:ru.dshcherbakov.web.tests.FirstTest]/[method:test3()]
display-name: test3()
]]></system-out>
</testcase>
<testcase name="test4()" classname="ru.dshcherbakov.web.tests.FirstTest" time="0.002">
<system-out><![CDATA[
unique-id: [engine:junit-jupiter]/[class:ru.dshcherbakov.web.tests.FirstTest]/[method:test4()]
display-name: test4()
]]></system-out>
</testcase>
<testcase name="test10()" classname="ru.dshcherbakov.web.tests.ThirdTest" time="0.001">
<system-out><![CDATA[
unique-id: [engine:junit-jupiter]/[class:ru.dshcherbakov.web.tests.ThirdTest]/[method:test10()]
display-name: test10()
]]></system-out>
</testcase>
<testcase name="test11()" classname="ru.dshcherbakov.web.tests.ThirdTest" time="0.006">
<system-out><![CDATA[
unique-id: [engine:junit-jupiter]/[class:ru.dshcherbakov.web.tests.ThirdTest]/[method:test11()]
display-name: test11()
]]></system-out>
</testcase>
<testcase name="test12()" classname="ru.dshcherbakov.web.tests.ThirdTest" time="0.003">
<system-out><![CDATA[
unique-id: [engine:junit-jupiter]/[class:ru.dshcherbakov.web.tests.ThirdTest]/[method:test12()]
display-name: test12()
]]></system-out>
</testcase>
<testcase name="test9()" classname="ru.dshcherbakov.web.tests.ThirdTest" time="0.004">
<system-out><![CDATA[
unique-id: [engine:junit-jupiter]/[class:ru.dshcherbakov.web.tests.ThirdTest]/[method:test9()]
display-name: test9()
]]></system-out>
</testcase>
<system-out><![CDATA[
unique-id: [engine:junit-jupiter]
display-name: JUnit Jupiter
]]></system-out>
</testsuite>
